"../../../../Projects/TestForGitHubProject/ArcadeTestProj/Content/Assets/Particles/Materials/m_flare_01.uasset" 0
"../../../../Projects/TestForGitHubProject/ArcadeTestProj/Content/Assets/Particles/P_EngineFire.uasset" 1
"../../../Engine/Content/EngineMaterials/T_Default_Material_Grid_N.uasset" 2
"../../../Engine/Content/EngineMaterials/T_Default_Material_Grid_M.uasset" 3
"../../../Engine/Content/Functions/Engine_MaterialFunctions01/Opacity/CameraDepthFade.uasset" 4
"../../../Engine/Content/EngineMaterials/WorldGridMaterial.uasset" 5
"../../../../Projects/TestForGitHubProject/ArcadeTestProj/Content/Assets/Pawns/PlayerPawn/PlayerShip.uasset" 6
"../../../../Projects/TestForGitHubProject/ArcadeTestProj/Content/Assets/Pawns/M_Pawn.uasset" 7
"../../../../Projects/TestForGitHubProject/ArcadeTestProj/Content/Assets/Pawns/PlayerPawn/M_PlayerPawn_White.uasset" 8
"../../../Engine/Content/Functions/Engine_MaterialFunctions01/Gradient/RadialGradient.uasset" 9
"../../../../Projects/TestForGitHubProject/ArcadeTestProj/Content/Assets/Particles/Materials/M_radial_ramp.uasset" 10
"../../../../Projects/TestForGitHubProject/ArcadeTestProj/Content/Assets/Particles/Textures/T_Explosion_SubUV.uasset" 11
"../../../../Projects/TestForGitHubProject/ArcadeTestProj/Content/Assets/Particles/Materials/M_explosion_subUV.uasset" 12
"../../../../Projects/TestForGitHubProject/ArcadeTestProj/Content/Assets/Particles/Textures/T_Burst_M.uasset" 13
"../../../../Projects/TestForGitHubProject/ArcadeTestProj/Content/Assets/Particles/Materials/M_Burst.uasset" 14
"../../../../Projects/TestForGitHubProject/ArcadeTestProj/Content/Assets/Particles/P_Explosion.uasset" 15
"../../../../Projects/TestForGitHubProject/ArcadeTestProj/Content/Assets/Materials/M_PawnRecover.uasset" 16
"../../../../Projects/TestForGitHubProject/ArcadeTestProj/Content/Blueprints/Pawns/BP_PlayerPawn.uasset" 17
"../../../Engine/Content/EditorBlueprintResources/StandardMacros.uasset" 18
"../../../../Projects/TestForGitHubProject/ArcadeTestProj/Content/UI/PauseMenu/W_PauseMenu.uasset" 19
"../../../../Projects/TestForGitHubProject/ArcadeTestProj/Content/UI/GameOverScreen/W_GameOver.uasset" 20
"../../../../Projects/TestForGitHubProject/ArcadeTestProj/Content/Assets/Icons/pause.uasset" 21
"../../../../Projects/TestForGitHubProject/ArcadeTestProj/Content/Assets/Icons/heart.uasset" 22
"../../../Engine/Content/EngineFonts/Faces/RobotoRegular.uasset" 23
"../../../../Projects/TestForGitHubProject/ArcadeTestProj/Content/Assets/Fonts/F_BigRoboto.uasset" 24
"../../../../Projects/TestForGitHubProject/ArcadeTestProj/Content/UI/HUD/BP_GameHUD.uasset" 25
"../../../../Projects/TestForGitHubProject/ArcadeTestProj/Content/Assets/Particles/P_EngineFire_Red.uasset" 26
"../../../Engine/Content/EngineMeshes/Sphere.uasset" 27
"../../../Engine/Content/EngineDebugMaterials/VertexColorViewMode_RedOnly.uasset" 28
"../../../../Projects/TestForGitHubProject/ArcadeTestProj/Content/Assets/Particles/P_Shoot.uasset" 29
"../../../../Projects/TestForGitHubProject/ArcadeTestProj/Content/Blueprints/Projectiles/BP_ShootProjectile.uasset" 30
"../../../../Projects/TestForGitHubProject/ArcadeTestProj/Content/Assets/Particles/P_BonusCollect.uasset" 31
"../../../Engine/Content/Functions/Engine_MaterialFunctions02/Utility/VectorLength.uasset" 32
"../../../Engine/Content/Functions/Engine_MaterialFunctions02/WorldPositionOffset/ObjectScale.uasset" 33
"../../../Engine/Content/Functions/Engine_MaterialFunctions02/Texturing/CustomRotator.uasset" 34
"../../../../Projects/TestForGitHubProject/ArcadeTestProj/Content/Assets/Bonuses/M_Bonus.uasset" 35
"../../../../Projects/TestForGitHubProject/ArcadeTestProj/Content/Assets/Bonuses/Bonus-Ring.uasset" 36
"../../../../Projects/TestForGitHubProject/ArcadeTestProj/Content/Assets/Bonuses/M_Bonus_Levelup.uasset" 37
"../../../../Projects/TestForGitHubProject/ArcadeTestProj/Content/Assets/Bonuses/Bonus-Levelup.uasset" 38
"../../../../Projects/TestForGitHubProject/ArcadeTestProj/Content/Blueprints/Bonuses/BP_BonusShootLevelUp.uasset" 39
"../../../Engine/Content/EngineMaterials/DefaultMaterial.uasset" 40
"../../../Engine/Content/BasicShapes/Sphere.uasset" 41
"../../../Engine/Content/Functions/Engine_MaterialFunctions02/Utility/CameraDirectionVector.uasset" 42
"../../../../Projects/TestForGitHubProject/ArcadeTestProj/Content/Assets/Materials/M_Shield.uasset" 43
"../../../../Projects/TestForGitHubProject/ArcadeTestProj/Content/Blueprints/Other/BP_PawnShield.uasset" 44
"../../../../Projects/TestForGitHubProject/ArcadeTestProj/Content/Assets/Bonuses/M_Bonus_Shield.uasset" 45
"../../../../Projects/TestForGitHubProject/ArcadeTestProj/Content/Assets/Bonuses/Bonus-Shield.uasset" 46
"../../../../Projects/TestForGitHubProject/ArcadeTestProj/Content/Blueprints/Bonuses/BP_BonusShield.uasset" 47
"../../../../Projects/TestForGitHubProject/ArcadeTestProj/Content/Assets/Bonuses/M_Bonus_Coints.uasset" 48
"../../../../Projects/TestForGitHubProject/ArcadeTestProj/Content/Assets/Bonuses/Bonus-Coins.uasset" 49
"../../../../Projects/TestForGitHubProject/ArcadeTestProj/Content/Blueprints/Bonuses/BP_BonusPoints_100.uasset" 50
"../../../../Projects/TestForGitHubProject/ArcadeTestProj/Content/Assets/Pawns/M_Pawn_Red.uasset" 51
"../../../../Projects/TestForGitHubProject/ArcadeTestProj/Content/Assets/Pawns/EnemyShip.uasset" 52
"../../../../Projects/TestForGitHubProject/ArcadeTestProj/Content/Blueprints/Pawns/Enemies/BP_BaseEnemy3.uasset" 53
"../../../../Projects/TestForGitHubProject/ArcadeTestProj/Content/Assets/Particles/P_EngineFire_Purple.uasset" 54
"../../../../Projects/TestForGitHubProject/ArcadeTestProj/Content/Assets/Pawns/M_Pawn_Purple.uasset" 55
"../../../../Projects/TestForGitHubProject/ArcadeTestProj/Content/Blueprints/Pawns/Enemies/BP_BaseEnemy2.uasset" 56
"../../../../Projects/TestForGitHubProject/ArcadeTestProj/Content/Assets/Particles/P_EngineFire_Blue.uasset" 57
"../../../../Projects/TestForGitHubProject/ArcadeTestProj/Content/Assets/Pawns/M_Pawn_Blue.uasset" 58
"../../../../Projects/TestForGitHubProject/ArcadeTestProj/Content/Blueprints/Pawns/Enemies/BP_BaseEnemy1.uasset" 59
"../../../../Projects/TestForGitHubProject/ArcadeTestProj/Content/Blueprints/BP_GamemodeArcade.uasset" 60
"../../../Engine/Content/ArtTools/RenderToTexture/Meshes/S_1_Unit_Plane.uasset" 61
"../../../Engine/Content/BasicShapes/Cone.uasset" 62
"../../../Engine/Content/BasicShapes/Cube.uasset" 63
"../../../Engine/Content/EditorLandscapeResources/DataLayer.uasset" 64
"../../../Engine/Content/EditorLandscapeResources/DefaultAlphaTexture.uasset" 65
"../../../Engine/Content/EditorMaterials/MAT_Groups_Toggle.uasset" 66
"../../../Engine/Content/EditorMaterials/MAT_Groups_Visibility.uasset" 67
"../../../Engine/Content/EditorMaterials/PreviewShadowIndicator.uasset" 68
"../../../Engine/Content/EditorMaterials/PreviewShadowIndicatorMaterial.uasset" 69
"../../../Engine/Content/EditorMaterials/MatineeGroups/MAT_ColorTrack.uasset" 70
"../../../Engine/Content/EditorMaterials/MatineeGroups/MAT_Groups_Anim.uasset" 71
"../../../Engine/Content/EditorMaterials/MatineeGroups/MAT_Groups_AudioMaster.uasset" 72
"../../../Engine/Content/EditorMaterials/MatineeGroups/MAT_Groups_Director.uasset" 73
"../../../Engine/Content/EditorMaterials/MatineeGroups/MAT_Groups_Event.uasset" 74
"../../../Engine/Content/EditorMaterials/MatineeGroups/MAT_Groups_Fade.uasset" 75
"../../../Engine/Content/EditorMaterials/MatineeGroups/MAT_Groups_Float.uasset" 76
"../../../Engine/Content/EditorMaterials/MatineeGroups/MAT_Groups_Move.uasset" 77
"../../../Engine/Content/EditorMaterials/MatineeGroups/MAT_Groups_Slomo.uasset" 78
"../../../Engine/Content/EditorMaterials/MatineeGroups/MAT_Groups_Sound.uasset" 79
"../../../Engine/Content/EditorMaterials/MatineeGroups/MAT_Groups_Vector.uasset" 80
"../../../Engine/Content/EditorMaterials/ParticleSystems/PSysThumbnail_NoImage.uasset" 81
"../../../Engine/Content/EditorMaterials/ParticleSystems/PSysThumbnail_OOD.uasset" 82
"../../../Engine/Content/EditorMaterials/Camera/CineMat.uasset" 83
"../../../Engine/Content/EditorMaterials/Camera/MI_CineMat_Rig.uasset" 84
"../../../Engine/Content/EditorMeshes/Camera/SM_CraneRig_Arm.uasset" 85
"../../../Engine/Content/EditorMeshes/Camera/SM_CraneRig_Base.uasset" 86
"../../../Engine/Content/EditorMeshes/Camera/SM_CraneRig_Body.uasset" 87
"../../../Engine/Content/EditorMeshes/Camera/SM_CraneRig_Mount.uasset" 88
"../../../Engine/Content/EditorMeshes/Camera/SM_RailRig_Mount.uasset" 89
"../../../Engine/Content/EditorMeshes/Camera/SM_RailRig_Track.uasset" 90
"../../../Engine/Content/EditorResources/BSPVertex.uasset" 91
"../../../Engine/Content/EditorResources/EmptyActor.uasset" 92
"../../../Engine/Content/EditorResources/S_Actor.uasset" 93
"../../../Engine/Content/EditorResources/S_Note.uasset" 94
"../../../Engine/Content/EditorResources/S_Solver.uasset" 95
"../../../Engine/Content/EditorResources/S_Terrain.uasset" 96
"../../../Engine/Content/EditorResources/S_Trigger.uasset" 97
"../../../Engine/Content/EditorResources/SequenceRecorder/Countdown.uasset" 98
"../../../Engine/Content/EditorResources/SequenceRecorder/RecordingIndicator.uasset" 99
"../../../Engine/Content/EngineDamageTypes/DmgTypeBP_Environmental.uasset" 100
"../../../Engine/Content/EngineDebugMaterials/DebugEditorMaterial.uasset" 101
"../../../Engine/Content/EngineDebugMaterials/DebugMeshMaterial.uasset" 102
"../../../Engine/Content/EngineDebugMaterials/M_SimpleUnlitTranslucent.uasset" 103
"../../../Engine/Content/EngineDebugMaterials/VolumeToRender.uasset" 104
"../../../Engine/Content/EngineDebugMaterials/M_VolumeRenderSphereTracePP.uasset" 105
"../../../Engine/Content/Functions/Engine_MaterialFunctions01/Shading/ConvertFromDiffSpec.uasset" 106
"../../../Engine/Content/EngineDebugMaterials/VertexColorMaterial.uasset" 107
"../../../Engine/Content/EngineDebugMaterials/WireframeMaterial.uasset" 108
"../../../Engine/Content/EngineFonts/Faces/RobotoLight.uasset" 109
"../../../Engine/Content/EngineFonts/Faces/RobotoItalic.uasset" 110
"../../../Engine/Content/EngineFonts/Faces/RobotoBoldItalic.uasset" 111
"../../../Engine/Content/EngineFonts/Faces/RobotoBold.uasset" 112
"../../../Engine/Content/EngineFonts/Faces/DroidSansFallback.uasset" 113
"../../../Engine/Content/EngineFonts/Roboto.uasset" 114
"../../../Engine/Content/EngineMaterials/BaseFlattenNormalMap.uasset" 115
"../../../Engine/Content/EngineMaterials/BaseFlattenGrayscaleMap.uasset" 116
"../../../Engine/Content/EngineMaterials/BaseFlattenEmissiveMap.uasset" 117
"../../../Engine/Content/EngineMaterials/BaseFlattenDiffuseMap.uasset" 118
"../../../Engine/Content/EngineMaterials/BaseFlattenMaterial.uasset" 119
"../../../Engine/Content/EngineMaterials/BlueNoise.uasset" 120
"../../../Engine/Content/EngineMaterials/DefaultBloomKernel.uasset" 121
"../../../Engine/Content/EngineMaterials/DefaultBokeh.uasset" 122
"../../../Engine/Content/EngineMaterials/DefaultDiffuse.uasset" 123
"../../../Engine/Content/EngineMaterials/DefaultDeferredDecalMaterial.uasset" 124
"../../../Engine/Content/EngineMaterials/DefaultLightFunctionMaterial.uasset" 125
"../../../Engine/Content/EngineMaterials/DefaultPhysicalMaterial.uasset" 126
"../../../Engine/Content/Functions/Engine_MaterialFunctions02/Utility/BreakOutFloat2Components.uasset" 127
"../../../Engine/Content/EngineMaterials/DefaultPostProcessMaterial.uasset" 128
"../../../Engine/Content/EngineFonts/RobotoDistanceField.uasset" 129
"../../../Engine/Content/EngineMaterials/DefaultTextMaterialOpaque.uasset" 130
"../../../Engine/Content/EngineMaterials/DefaultWhiteGrid.uasset" 131
"../../../Engine/Content/EngineMaterials/DefaultWhiteGrid_Low.uasset" 132
"../../../Engine/Content/EngineMaterials/EmissiveMeshMaterial.uasset" 133
"../../../Engine/Content/EngineMaterials/GizmoMaterial.uasset" 134
"../../../Engine/Content/EngineMaterials/Good64x64TilingNoiseHighFreq.uasset" 135
"../../../Engine/Content/EngineMaterials/MiniFont.uasset" 136
"../../../Engine/Content/EngineMaterials/InvalidLightmapSettings.uasset" 137
"../../../Engine/Content/EngineMaterials/M_InvalidLightmapSettings.uasset" 138
"../../../Engine/Content/Functions/Engine_MaterialFunctions02/WorldPositionOffset/CameraOffset.uasset" 139
"../../../Engine/Content/EngineMaterials/PhAT_JointLimitMaterial.uasset" 140
"../../../Engine/Content/EngineMaterials/PreintegratedSkinBRDF.uasset" 141
"../../../Engine/Content/EngineMaterials/RemoveSurfaceMaterial.uasset" 142
"../../../Engine/Content/EngineMaterials/WeightMapPlaceholderTexture.uasset" 143
"../../../Engine/Content/EngineResources/WhiteSquareTexture.uasset" 144
"../../../Engine/Content/EngineMaterials/Widget3DPassThrough.uasset" 145
"../../../Engine/Content/EngineMaterials/Widget3DPassThrough_Masked.uasset" 146
"../../../Engine/Content/EngineMaterials/Widget3DPassThrough_Opaque.uasset" 147
"../../../Engine/Content/EngineMaterials/Widget3DPassThrough_Masked_OneSided.uasset" 148
"../../../Engine/Content/EngineMaterials/Widget3DPassThrough_Opaque_OneSided.uasset" 149
"../../../Engine/Content/EngineMaterials/Widget3DPassThrough_Translucent.uasset" 150
"../../../Engine/Content/EngineMaterials/Widget3DPassThrough_Translucent_OneSided.uasset" 151
"../../../Engine/Content/EngineMeshes/Cylinder.uasset" 152
"../../../Engine/Content/EngineResources/Black.uasset" 153
"../../../Engine/Content/EngineResources/DefaultTextureCube.uasset" 154
"../../../Engine/Content/EngineResources/DefaultVolumeTexture2D.uasset" 155
"../../../Engine/Content/EngineResources/DefaultVolumeTexture.uasset" 156
"../../../Engine/Content/EngineResources/GradientTexture0.uasset" 157
"../../../Engine/Content/EngineSky/VolumetricClouds/T_NoiseShape64.uasset" 158
"../../../Engine/Content/EngineSky/VolumetricClouds/T_VolumeNoiseShape64.uasset" 159
"../../../Engine/Content/EngineSky/VolumetricClouds/T_NoiseErosion.uasset" 160
"../../../Engine/Content/EngineSky/VolumetricClouds/T_VolumeNoiseErosion32.uasset" 161
"../../../Engine/Content/Functions/Engine_MaterialFunctions02/Utility/MakeFloat2.uasset" 162
"../../../Engine/Content/EngineSky/VolumetricClouds/CloudWeatherTexture.uasset" 163
"../../../Engine/Content/EngineSky/VolumetricClouds/CloudGradientTexture.uasset" 164
"../../../Engine/Content/EngineSky/VolumetricClouds/m_SimpleVolumetricCloud.uasset" 165
"../../../Engine/Content/EngineSky/VolumetricClouds/m_SimpleVolumetricCloud_Inst.uasset" 166
"../../../Engine/Content/EngineSounds/Master.uasset" 167
"../../../Engine/Content/Functions/Engine_MaterialFunctions01/Shading/PowerToRoughness.uasset" 168
"../../../Engine/Content/Maps/Templates/Thumbnails/Default.uasset" 169
"../../../Engine/Content/Maps/Templates/Thumbnails/TimeOfDay.uasset" 170
"../../../Engine/Content/Maps/Templates/Thumbnails/VR-Basic.uasset" 171
"../../../Engine/Content/MobileResources/T_MobileControls_texture.uasset" 172
"../../../Engine/Content/MobileResources/T_MobileMenu2.uasset" 173
"../../../Engine/Content/MobileResources/HUD/AnalogHat.uasset" 174
"../../../Engine/Content/MobileResources/HUD/VirtualJoystick_Thumb.uasset" 175
"../../../Engine/Content/MobileResources/HUD/VirtualJoystick_Background.uasset" 176
"../../../Engine/Content/MobileResources/HUD/DefaultVirtualJoysticks.uasset" 177
"../../../Engine/Content/MobileResources/HUD/LeftVirtualJoystickOnly.uasset" 178
"../../../Engine/Content/MobileResources/HUD/MobileHUDButton1_off.uasset" 179
"../../../Engine/Content/MobileResources/HUD/MobileHUDButton1_on.uasset" 180
"../../../Engine/Content/MobileResources/HUD/MobileHUDButton2_off.uasset" 181
"../../../Engine/Content/MobileResources/HUD/MobileHUDButton2_on.uasset" 182
"../../../Engine/Content/MobileResources/HUD/MobileHUDButton3.uasset" 183
"../../../Engine/Content/MobileResources/HUD/MobileHUDButtonFire.uasset" 184
"../../../Engine/Content/MobileResources/HUD/MobileHUDDirectionPad.uasset" 185
"../../../Engine/Content/MobileResources/HUD/MobileHUDDirectionPad2.uasset" 186
"../../../Engine/Content/MobileResources/HUD/MobileHUDDirectionPad3.uasset" 187
"../../../Engine/Content/MobileResources/HUD/MobileHUDDirectionStick.uasset" 188
"../../../Engine/Content/MobileResources/HUD/T_Castle_ThumbstickInner.uasset" 189
"../../../Engine/Content/MobileResources/HUD/T_Castle_ThumbstickOutter.uasset" 190
"../../../Engine/Content/Tutorial/ContentIntroCurve.uasset" 191
"../../../Engine/Content/Tutorial/Basics/LevelEditorAttract.uasset" 192
"../../../Engine/Content/Tutorial/Basics/TutorialAssets/icon_tab_Levels_40x.uasset" 193
"../../../Engine/Content/Tutorial/Basics/LevelEditorOverview.uasset" 194
"../../../Engine/Content/Tutorial/BlueprintTutorials/TutorialAssets/Blueprint_64x.uasset" 195
"../../../Engine/Content/Tutorial/BlueprintTutorials/BlueprintEditorTutorial.uasset" 196
"../../../Engine/Content/Tutorial/Landscape/TutorialAssets/Landscape.uasset" 197
"../../../Engine/Content/Tutorial/Landscape/LandscapeWalkThrough.uasset" 198
"../../../Engine/Content/Tutorial/Landscape/Landscape_Manage_Mode.uasset" 199
"../../../Engine/Content/Tutorial/Landscape/Landscape_Painting_Mode.uasset" 200
"../../../Engine/Content/Tutorial/Landscape/Landscape_Sculpt_Mode.uasset" 201
"../../../Engine/Content/VREditor/TransformGizmo/TranslucentTransformGizmoMaterial.uasset" 202
"../../../Engine/Content/VREditor/LaserPointer/VR_LaserPower_01.uasset" 203
"../../../Engine/Content/VREditor/TransformGizmo/TransformGizmoMaterial.uasset" 204
"../../../Engine/Content/VREditor/TransformGizmo/BoundingBoxCorner.uasset" 205
"../../../Engine/Content/VREditor/TransformGizmo/BoundingBoxEdge.uasset" 206
"../../../Engine/Content/VREditor/TransformGizmo/PlaneTranslationHandle.uasset" 207
"../../../Engine/Content/VREditor/TransformGizmo/Xray.uasset" 208
"../../../Engine/Content/VREditor/TransformGizmo/Main.uasset" 209
"../../../Engine/Content/VREditor/TransformGizmo/SM_Sequencer_Key.uasset" 210
"../../../Engine/Content/VREditor/TransformGizmo/SM_Sequencer_Node.uasset" 211
"../../Plugins/2D/Paper2D/Content/PlaceholderTextures/DummySpriteTexture.uasset" 212
"../../Plugins/2D/Paper2D/Content/DummySprite.uasset" 213
"../../Plugins/2D/Paper2D/Content/DefaultPaperTerrainMaterial.uasset" 214
"../../Plugins/2D/Paper2D/Content/DefaultSpriteMaterial.uasset" 215
"../../Plugins/2D/Paper2D/Content/MaskedUnlitSpriteMaterial.uasset" 216
"../../Plugins/2D/Paper2D/Content/OpaqueUnlitSpriteMaterial.uasset" 217
"../../../Engine/Content/Functions/Engine_MaterialFunctions02/ObjectLocalBounds.uasset" 218
"../../../Engine/Content/Functions/Engine_MaterialFunctions02/Utility/BreakOutFloat3Components.uasset" 219
"../../Plugins/Editor/SpeedTreeImporter/Content/SpeedTree9/UnpackInteger3.uasset" 220
"../../Plugins/Editor/SpeedTreeImporter/Content/SpeedTree9/UnpackDirection.uasset" 221
"../../Plugins/Editor/SpeedTreeImporter/Content/SpeedTree9/game_wind_noise.uasset" 222
"../../../Engine/Content/Functions/Engine_MaterialFunctions02/SafeNormalize.uasset" 223
"../../Plugins/Editor/SpeedTreeImporter/Content/SpeedTree9/SpeedTreeWindMotion.uasset" 224
"../../Plugins/Editor/SpeedTreeImporter/Content/SpeedTree9/SpeedTreeBranchMotion.uasset" 225
"../../../Engine/Content/Functions/Engine_MaterialFunctions02/UVs/BoundingBoxBased_0-1_UVW.uasset" 226
"../../Plugins/Editor/SpeedTreeImporter/Content/SpeedTree9/SpeedTreeWind.uasset" 227
"../../Plugins/Editor/SpeedTreeImporter/Content/SpeedTree9/SpeedTreeBillboard.uasset" 228
"../../../Engine/Content/EngineResources/DefaultTexture.uasset" 229
"../../Plugins/Editor/SpeedTreeImporter/Content/SpeedTree9/SpeedTreeBillboardMaster.uasset" 230
"../../Plugins/Editor/SpeedTreeImporter/Content/SpeedTree9/SpeedTreeCameraFacing.uasset" 231
"../../Plugins/Editor/SpeedTreeImporter/Content/SpeedTree9/SpeedTreeMaster.uasset" 232
"../../../Engine/Content/BasicShapes/Cylinder.uasset" 233
"../../../Engine/Content/ArtTools/RenderToTexture/Materials/Debug/M_Emissive_Color.uasset" 234
"../../Plugins/Lumin/MagicLeapPassableWorld/Content/MagicLeapARPinInfoActor.uasset" 235
"../../../Engine/Content/Functions/Engine_MaterialFunctions02/Utility/MakeFloat3.uasset" 236
"../../../Engine/Content/Functions/Engine_MaterialFunctions02/Utility/BreakOutFloat4Components.uasset" 237
"../../Plugins/Runtime/Oculus/OculusVR/Content/Materials/OculusMR_ChromaKey.uasset" 238
"../../Plugins/Runtime/Oculus/OculusVR/Content/Materials/OculusMR_OpaqueColoredMaterial.uasset" 239
"../../Plugins/Runtime/Oculus/OculusVR/Content/Materials/PokeAHoleMaterial.uasset" 240
"../../../../Projects/TestForGitHubProject/ArcadeTestProj/Content/UI/LoadingScreen/W_LoadingScreen.uasset" 241
"../../../../Projects/TestForGitHubProject/ArcadeTestProj/Content/Maps/M_Gameplay.umap" 242
"../../../../Projects/TestForGitHubProject/ArcadeTestProj/Content/UI/MainMenu/W_MainMenu.uasset" 243
"../../../../Projects/TestForGitHubProject/ArcadeTestProj/Content/Maps/M_MainMenu.umap" 244
"../../../Engine/Content/MapTemplates/daylight.uasset" 245
"../../../Engine/Content/BasicShapes/Plane.uasset" 246
"../../../../Projects/TestForGitHubProject/ArcadeTestProj/Content/Assets/Textures/T_Smoke_Tiled_D.uasset" 247
"../../../Engine/Content/MapTemplates/Sky/T_Sky_Stars.uasset" 248
"../../../../Projects/TestForGitHubProject/ArcadeTestProj/Content/Assets/Materials/M_Stars.uasset" 249
"../../../../Projects/TestForGitHubProject/ArcadeTestProj/Content/GameLevel.umap" 250
"../../../Engine/Content/Maps/Entry_BuiltData.uasset" 251
"../../../Engine/Content/Maps/Entry.umap" 252
